<?xml version="1.0" encoding="UTF-8"?>
<testsuite name="in.javahome.myweb.controller.CalculatorTest" time="0.038" tests="3" errors="0" skipped="0" failures="0">
  <properties>
[...]
</properties>
  <testcase name="testAddNew" classname="in.javahome.myweb.controller.CalculatorTest" time="0.004"/>
  <testcase name="testAdd" classname="in.javahome.myweb.controller.CalculatorTest" time="0.034"/>
  <testcase name="testMultiply" classname="in.javahome.myweb.controller.CalculatorTest" time="0"/>
</testsuite>